
> mindguard@0.1.0 dev
> next dev

> [PWA] Compile server
> [PWA] Compile server
> [PWA] Compile client (static)
> [PWA] Auto register service worker with: /Users/Raja-Digvijay-Singh/Downloads/MindGuard/frontend/node_modules/next-pwa/register.js
> [PWA] Service worker: /Users/Raja-Digvijay-Singh/Downloads/MindGuard/frontend/public/sw.js
> [PWA]   url: /sw.js
> [PWA]   scope: /
> [PWA] Build in develop mode, cache and precache are mostly disabled. This means offline support is disabled, but you can continue developing other functions in service worker.
Browserslist: browsers data (caniuse-lite) is 9 months old. Please run:
  npx update-browserslist-db@latest
  Why you should do it regularly: https://github.com/browserslist/update-db#readme
  ▲ Next.js 13.5.8
  - Local:        http://localhost:3000
  - Environments: .env

 ✓ Ready in 4s
 ⚠ GenerateSW has been called multiple times, perhaps due to running webpack in --watch mode. The precache manifest generated after the first call may be inaccurate! Please see https://github.com/GoogleChrome/workbox/issues/1790 for more information.
 ⚠ GenerateSW has been called multiple times, perhaps due to running webpack in --watch mode. The precache manifest generated after the first call may be inaccurate! Please see https://github.com/GoogleChrome/workbox/issues/1790 for more information.
(node:9719) ExperimentalWarning: Type Stripping is an experimental feature and might change at any time
(Use `node --trace-warnings ...` to show where the warning was created)
 ○ Compiling /page ...
 ⚠ GenerateSW has been called multiple times, perhaps due to running webpack in --watch mode. The precache manifest generated after the first call may be inaccurate! Please see https://github.com/GoogleChrome/workbox/issues/1790 for more information.
 ⚠ GenerateSW has been called multiple times, perhaps due to running webpack in --watch mode. The precache manifest generated after the first call may be inaccurate! Please see https://github.com/GoogleChrome/workbox/issues/1790 for more information.
 ⚠ GenerateSW has been called multiple times, perhaps due to running webpack in --watch mode. The precache manifest generated after the first call may be inaccurate! Please see https://github.com/GoogleChrome/workbox/issues/1790 for more information.
 ⚠ GenerateSW has been called multiple times, perhaps due to running webpack in --watch mode. The precache manifest generated after the first call may be inaccurate! Please see https://github.com/GoogleChrome/workbox/issues/1790 for more information.
 ⚠ GenerateSW has been called multiple times, perhaps due to running webpack in --watch mode. The precache manifest generated after the first call may be inaccurate! Please see https://github.com/GoogleChrome/workbox/issues/1790 for more information.
 ⚠ GenerateSW has been called multiple times, perhaps due to running webpack in --watch mode. The precache manifest generated after the first call may be inaccurate! Please see https://github.com/GoogleChrome/workbox/issues/1790 for more information.
 ⚠ GenerateSW has been called multiple times, perhaps due to running webpack in --watch mode. The precache manifest generated after the first call may be inaccurate! Please see https://github.com/GoogleChrome/workbox/issues/1790 for more information.
 ⚠ GenerateSW has been called multiple times, perhaps due to running webpack in --watch mode. The precache manifest generated after the first call may be inaccurate! Please see https://github.com/GoogleChrome/workbox/issues/1790 for more information.
 ⚠ GenerateSW has been called multiple times, perhaps due to running webpack in --watch mode. The precache manifest generated after the first call may be inaccurate! Please see https://github.com/GoogleChrome/workbox/issues/1790 for more information.
 ⚠ GenerateSW has been called multiple times, perhaps due to running webpack in --watch mode. The precache manifest generated after the first call may be inaccurate! Please see https://github.com/GoogleChrome/workbox/issues/1790 for more information.
 ⚠ GenerateSW has been called multiple times, perhaps due to running webpack in --watch mode. The precache manifest generated after the first call may be inaccurate! Please see https://github.com/GoogleChrome/workbox/issues/1790 for more information.
 ⚠ GenerateSW has been called multiple times, perhaps due to running webpack in --watch mode. The precache manifest generated after the first call may be inaccurate! Please see https://github.com/GoogleChrome/workbox/issues/1790 for more information.
<w> [webpack.cache.PackFileCacheStrategy] Caching failed for pack: Error: ENOENT: no such file or directory, lstat '/Users/Raja-Digvijay-Singh/Downloads/MindGuard/frontend/.next/server/app/not-found_client-reference-manifest.js'
<w> [webpack.cache.PackFileCacheStrategy/webpack.FileSystemInfo] Resolving '../../../../.next/server/app/not-found_client-reference-manifest' in /Users/Raja-Digvijay-Singh/Downloads/MindGuard/frontend/node_modules/next/dist/server for build dependencies doesn't lead to expected result '/Users/Raja-Digvijay-Singh/Downloads/MindGuard/frontend/.next/server/app/not-found_client-reference-manifest.js', but to 'Error: Can't resolve '../../../../.next/server/app/not-found_client-reference-manifest' in '/Users/Raja-Digvijay-Singh/Downloads/MindGuard/frontend/node_modules/next/dist/server'' instead. Resolving dependencies are ignored for this path.
<w>  at resolve commonjs file ../../../../.next/server/app/not-found_client-reference-manifest (expected /Users/Raja-Digvijay-Singh/Downloads/MindGuard/frontend/.next/server/app/not-found_client-reference-manifest.js)
<w>  at file dependencies /Users/Raja-Digvijay-Singh/Downloads/MindGuard/frontend/node_modules/next/dist/server/load-components.js
<w>  at file /Users/Raja-Digvijay-Singh/Downloads/MindGuard/frontend/node_modules/next/dist/server/load-components.js
<w>  at file dependencies /Users/Raja-Digvijay-Singh/Downloads/MindGuard/frontend/node_modules/next/dist/build/utils.js
<w>  at file /Users/Raja-Digvijay-Singh/Downloads/MindGuard/frontend/node_modules/next/dist/build/utils.js
<w>  at file dependencies /Users/Raja-Digvijay-Singh/Downloads/MindGuard/frontend/node_modules/next/dist/build/webpack/loaders/next-app-loader.js
<w>  at file /Users/Raja-Digvijay-Singh/Downloads/MindGuard/frontend/node_modules/next/dist/build/webpack/loaders/next-app-loader.js
<w>  at file dependencies /Users/Raja-Digvijay-Singh/Downloads/MindGuard/frontend/node_modules/next/dist/compiled/loader-runner/LoaderRunner.js
<w>  at file /Users/Raja-Digvijay-Singh/Downloads/MindGuard/frontend/node_modules/next/dist/compiled/loader-runner/LoaderRunner.js
<w>  at file dependencies /Users/Raja-Digvijay-Singh/Downloads/MindGuard/frontend/node_modules/next/dist/compiled/webpack/bundle5.js
<w>  at file /Users/Raja-Digvijay-Singh/Downloads/MindGuard/frontend/node_modules/next/dist/compiled/webpack/bundle5.js
<w>  at file dependencies /Users/Raja-Digvijay-Singh/Downloads/MindGuard/frontend/node_modules/next/dist/compiled/webpack/webpack.js
<w>  at file /Users/Raja-Digvijay-Singh/Downloads/MindGuard/frontend/node_modules/next/dist/compiled/webpack/webpack.js
<w>  at file dependencies /Users/Raja-Digvijay-Singh/Downloads/MindGuard/frontend/node_modules/next/dist/build/webpack/plugins/define-env-plugin.js
<w>  at file /Users/Raja-Digvijay-Singh/Downloads/MindGuard/frontend/node_modules/next/dist/build/webpack/plugins/define-env-plugin.js
<w>  at file dependencies /Users/Raja-Digvijay-Singh/Downloads/MindGuard/frontend/node_modules/next/dist/build/swc/index.js
<w>  at file /Users/Raja-Digvijay-Singh/Downloads/MindGuard/frontend/node_modules/next/dist/build/swc/index.js
<w>  at file dependencies /Users/Raja-Digvijay-Singh/Downloads/MindGuard/frontend/node_modules/next/dist/build/webpack/loaders/next-swc-loader.js
<w>  at file /Users/Raja-Digvijay-Singh/Downloads/MindGuard/frontend/node_modules/next/dist/build/webpack/loaders/next-swc-loader.js
<w>  at resolve commonjs /Users/Raja-Digvijay-Singh/Downloads/MindGuard/frontend/node_modules/next/dist/build/webpack/loaders/next-swc-loader.js
 ⚠ GenerateSW has been called multiple times, perhaps due to running webpack in --watch mode. The precache manifest generated after the first call may be inaccurate! Please see https://github.com/GoogleChrome/workbox/issues/1790 for more information.
 ⚠ GenerateSW has been called multiple times, perhaps due to running webpack in --watch mode. The precache manifest generated after the first call may be inaccurate! Please see https://github.com/GoogleChrome/workbox/issues/1790 for more information.
Fetching health data for user: 691045387528c629d4c6744a
Fetching health data for user: 691045387528c629d4c6744a
 ⚠ GenerateSW has been called multiple times, perhaps due to running webpack in --watch mode. The precache manifest generated after the first call may be inaccurate! Please see https://github.com/GoogleChrome/workbox/issues/1790 for more information.
 ⚠ GenerateSW has been called multiple times, perhaps due to running webpack in --watch mode. The precache manifest generated after the first call may be inaccurate! Please see https://github.com/GoogleChrome/workbox/issues/1790 for more information.
 ⚠ GenerateSW has been called multiple times, perhaps due to running webpack in --watch mode. The precache manifest generated after the first call may be inaccurate! Please see https://github.com/GoogleChrome/workbox/issues/1790 for more information.
 ⚠ GenerateSW has been called multiple times, perhaps due to running webpack in --watch mode. The precache manifest generated after the first call may be inaccurate! Please see https://github.com/GoogleChrome/workbox/issues/1790 for more information.
 ⚠ GenerateSW has been called multiple times, perhaps due to running webpack in --watch mode. The precache manifest generated after the first call may be inaccurate! Please see https://github.com/GoogleChrome/workbox/issues/1790 for more information.
 ⚠ GenerateSW has been called multiple times, perhaps due to running webpack in --watch mode. The precache manifest generated after the first call may be inaccurate! Please see https://github.com/GoogleChrome/workbox/issues/1790 for more information.
 ⚠ GenerateSW has been called multiple times, perhaps due to running webpack in --watch mode. The precache manifest generated after the first call may be inaccurate! Please see https://github.com/GoogleChrome/workbox/issues/1790 for more information.
 ⚠ GenerateSW has been called multiple times, perhaps due to running webpack in --watch mode. The precache manifest generated after the first call may be inaccurate! Please see https://github.com/GoogleChrome/workbox/issues/1790 for more information.
Received request with params: {
  userId: '691045387528c629d4c6744a',
  type: 'chat',
  page: 1,
  limit: 10
}
Attempting to fetch from backend: http://127.0.0.1:5000/api/health-tracking/history/691045387528c629d4c6744a?type=chat&page=1&limit=10
 ⚠ fetch for http://127.0.0.1:5000/api/health-tracking/history/691045387528c629d4c6744a?type=chat&page=1&limit=10 on /api/health-tracking/history/691045387528c629d4c6744a specified "cache: no-store" and "revalidate: 0", only one should be specified.
Backend response received: {
  status: 403,
  statusText: 'Forbidden',
  url: 'http://127.0.0.1:5000/api/health-tracking/history/691045387528c629d4c6744a?type=chat&page=1&limit=10'
}
Backend error details: {
  status: 403,
  statusText: 'Forbidden',
  error: '',
  url: 'http://127.0.0.1:5000/api/health-tracking/history/691045387528c629d4c6744a?type=chat&page=1&limit=10'
}
Received request with params: {
  userId: '691045387528c629d4c6744a',
  type: 'chat',
  page: 1,
  limit: 10
}
Attempting to fetch from backend: http://127.0.0.1:5000/api/health-tracking/history/691045387528c629d4c6744a?type=chat&page=1&limit=10
 ⚠ fetch for http://127.0.0.1:5000/api/health-tracking/history/691045387528c629d4c6744a?type=chat&page=1&limit=10 on /api/health-tracking/history/691045387528c629d4c6744a specified "cache: no-store" and "revalidate: 0", only one should be specified.
Backend response received: {
  status: 403,
  statusText: 'Forbidden',
  url: 'http://127.0.0.1:5000/api/health-tracking/history/691045387528c629d4c6744a?type=chat&page=1&limit=10'
}
Backend error details: {
  status: 403,
  statusText: 'Forbidden',
  error: '',
  url: 'http://127.0.0.1:5000/api/health-tracking/history/691045387528c629d4c6744a?type=chat&page=1&limit=10'
}
 ⚠ GenerateSW has been called multiple times, perhaps due to running webpack in --watch mode. The precache manifest generated after the first call may be inaccurate! Please see https://github.com/GoogleChrome/workbox/issues/1790 for more information.
 ⚠ GenerateSW has been called multiple times, perhaps due to running webpack in --watch mode. The precache manifest generated after the first call may be inaccurate! Please see https://github.com/GoogleChrome/workbox/issues/1790 for more information.
 ⚠ GenerateSW has been called multiple times, perhaps due to running webpack in --watch mode. The precache manifest generated after the first call may be inaccurate! Please see https://github.com/GoogleChrome/workbox/issues/1790 for more information.
 ⚠ GenerateSW has been called multiple times, perhaps due to running webpack in --watch mode. The precache manifest generated after the first call may be inaccurate! Please see https://github.com/GoogleChrome/workbox/issues/1790 for more information.
Fetching registered doctors from: http://localhost:3001/api/doctors
Found 6 registered doctors
Fetching registered doctors from: http://localhost:3001/api/doctors
Found 6 registered doctors
 ⚠ GenerateSW has been called multiple times, perhaps due to running webpack in --watch mode. The precache manifest generated after the first call may be inaccurate! Please see https://github.com/GoogleChrome/workbox/issues/1790 for more information.
 ⚠ GenerateSW has been called multiple times, perhaps due to running webpack in --watch mode. The precache manifest generated after the first call may be inaccurate! Please see https://github.com/GoogleChrome/workbox/issues/1790 for more information.
 ⚠ GenerateSW has been called multiple times, perhaps due to running webpack in --watch mode. The precache manifest generated after the first call may be inaccurate! Please see https://github.com/GoogleChrome/workbox/issues/1790 for more information.
 ⚠ GenerateSW has been called multiple times, perhaps due to running webpack in --watch mode. The precache manifest generated after the first call may be inaccurate! Please see https://github.com/GoogleChrome/workbox/issues/1790 for more information.
 ⚠ GenerateSW has been called multiple times, perhaps due to running webpack in --watch mode. The precache manifest generated after the first call may be inaccurate! Please see https://github.com/GoogleChrome/workbox/issues/1790 for more information.
 ⚠ GenerateSW has been called multiple times, perhaps due to running webpack in --watch mode. The precache manifest generated after the first call may be inaccurate! Please see https://github.com/GoogleChrome/workbox/issues/1790 for more information.
 ⚠ GenerateSW has been called multiple times, perhaps due to running webpack in --watch mode. The precache manifest generated after the first call may be inaccurate! Please see https://github.com/GoogleChrome/workbox/issues/1790 for more information.
 ⚠ GenerateSW has been called multiple times, perhaps due to running webpack in --watch mode. The precache manifest generated after the first call may be inaccurate! Please see https://github.com/GoogleChrome/workbox/issues/1790 for more information.
 ⚠ GenerateSW has been called multiple times, perhaps due to running webpack in --watch mode. The precache manifest generated after the first call may be inaccurate! Please see https://github.com/GoogleChrome/workbox/issues/1790 for more information.
 ⚠ GenerateSW has been called multiple times, perhaps due to running webpack in --watch mode. The precache manifest generated after the first call may be inaccurate! Please see https://github.com/GoogleChrome/workbox/issues/1790 for more information.
Fetching health data for user: 691045387528c629d4c6744a
Fetching health data for user: 691045387528c629d4c6744a
 ⚠ GenerateSW has been called multiple times, perhaps due to running webpack in --watch mode. The precache manifest generated after the first call may be inaccurate! Please see https://github.com/GoogleChrome/workbox/issues/1790 for more information.
 ⚠ GenerateSW has been called multiple times, perhaps due to running webpack in --watch mode. The precache manifest generated after the first call may be inaccurate! Please see https://github.com/GoogleChrome/workbox/issues/1790 for more information.
